<?xml version="1.0" encoding="UTF-8"?>
<!-- Generated by org.testng.reporters.JUnitXMLReporter -->
<testsuite hostname="LAPTOP32" ignored="0" name="Test" tests="3" failures="1" timestamp="03 Jun 2019 10:57:29 GMT" time="0.194" errors="0">
  <testcase name="Test1" time="0.022" classname="kovair.JenkinsIntegration.JenkinsIntegrationClass"/>
  <testcase name="Test2" time="0.007" classname="kovair.JenkinsIntegration.JenkinsIntegrationClass">
    <failure type="java.lang.AssertionError" message="null">
      <![CDATA[java.lang.AssertionError: null
at kovair.JenkinsIntegration.JenkinsIntegrationClass.Test2(JenkinsIntegrationClass.java:19)
... Removed 27 stack frames]]>
    </failure>
  </testcase> <!-- Test2 -->
  <testcase name="Test3" time="0.005" classname="kovair.JenkinsIntegration.JenkinsIntegrationClass"/>
</testsuite> <!-- Test -->
